<?xml version="1.0" encoding="UTF-8"?>
<!-- Generated by org.testng.reporters.JUnitReportReporter -->
<testsuite hostname="DESKTOP-TVTA546" failures="0" tests="4" name="demo.TestNGGroupsDemo" time="0.007" errors="0" timestamp="2020-12-05T12:59:40 PST" skipped="0">
  <testcase classname="demo.TestNGGroupsDemo" name="test1" time="0.005"/>
  <system-out/>
  <testcase classname="demo.TestNGGroupsDemo" name="test2" time="0.000"/>
  <system-out/>
  <testcase classname="demo.TestNGGroupsDemo" name="test3" time="0.001"/>
  <system-out/>
  <testcase classname="demo.TestNGGroupsDemo" name="test4" time="0.001"/>
  <system-out/>
</testsuite> <!-- demo.TestNGGroupsDemo -->
