<?xml version="1.0" encoding="UTF-8"?>
<!-- Generated by org.testng.reporters.JUnitReportReporter -->
<testsuite hostname="DESKTOP-TVTA546" failures="0" tests="3" name="demo.TestNGMultiBrowserDemo" time="11.669" errors="0" timestamp="2020-12-03T17:14:50 PST" skipped="0">
  <testcase classname="demo.TestNGMultiBrowserDemo" name="test1" time="3.901"/>
  <system-out/>
  <testcase classname="demo.TestNGMultiBrowserDemo" name="test1" time="3.796"/>
  <system-out/>
  <testcase classname="demo.TestNGMultiBrowserDemo" name="test1" time="3.972"/>
  <system-out/>
</testsuite> <!-- demo.TestNGMultiBrowserDemo -->
