<?xml version="1.0" encoding="UTF-8"?>
<!-- Generated by org.testng.reporters.JUnitReportReporter -->
<testsuite hostname="DESKTOP-TVTA546" failures="0" tests="3" name="demo.TestNGPriorityDemo" time="0.007" errors="0" timestamp="2020-12-03T15:39:07 PST" skipped="0">
  <testcase classname="demo.TestNGPriorityDemo" name="test2" time="0.005"/>
  <system-out/>
  <testcase classname="demo.TestNGPriorityDemo" name="test1" time="0.001"/>
  <system-out/>
  <testcase classname="demo.TestNGPriorityDemo" name="test3" time="0.001"/>
  <system-out/>
</testsuite> <!-- demo.TestNGPriorityDemo -->
