<?xml version="1.0" encoding="UTF-8"?>
<!-- Generated by org.testng.reporters.JUnitReportReporter -->
<testsuite hostname="DESKTOP-TVTA546" failures="0" tests="1" name="testtest.ExtedntReportsDemoWithTEstNG" time="0.011" errors="0" timestamp="2020-11-17T22:27:19 PST" skipped="0">
  <testcase classname="testtest.ExtedntReportsDemoWithTEstNG" name="test1" time="0.011"/>
  <system-out/>
</testsuite> <!-- testtest.ExtedntReportsDemoWithTEstNG -->
