<?xml version="1.0" encoding="UTF-8"?>
<!-- Generated by org.testng.reporters.JUnitReportReporter -->
<testsuite hostname="DESKTOP-TVTA546" failures="0" tests="1" name="testtest.TestNG_Demo2" time="1.457" errors="0" timestamp="2020-11-19T14:35:35 PST" skipped="0">
  <testcase classname="testtest.TestNG_Demo2" name="googleSearch3" time="1.457"/>
  <system-out/>
</testsuite> <!-- testtest.TestNG_Demo2 -->
