<?xml version="1.0" encoding="UTF-8"?>
<!-- Generated by org.testng.reporters.JUnitReportReporter -->
<testsuite hostname="DESKTOP-TVTA546" failures="0" tests="1" name="demo.Test4" time="2.758" errors="0" timestamp="2020-12-05T20:56:22 PST" skipped="0">
  <testcase classname="demo.Test4" name="test4" time="2.758"/>
  <system-out/>
</testsuite> <!-- demo.Test4 -->
