<?xml version="1.0" encoding="UTF-8"?>
<!-- Generated by org.testng.reporters.JUnitReportReporter -->
<testsuite hostname="DESKTOP-TVTA546" failures="0" tests="1" name="testtest.TestNGtest" time="0.006" errors="0" timestamp="2020-11-16T21:07:43 PST" skipped="0">
  <testcase classname="testtest.TestNGtest" name="hello" time="0.006"/>
  <system-out/>
</testsuite> <!-- testtest.TestNGtest -->
