<?xml version="1.0" encoding="UTF-8"?>
<!-- Generated by org.testng.reporters.JUnitReportReporter -->
<testsuite hostname="DESKTOP-TVTA546" failures="0" tests="1" name="demo.TestNGParamtersDemo" time="0.004" errors="0" timestamp="2020-12-05T12:20:36 PST" skipped="0">
  <testcase classname="demo.TestNGParamtersDemo" name="test" time="0.004"/>
  <system-out/>
</testsuite> <!-- demo.TestNGParamtersDemo -->
