<?xml version="1.0" encoding="UTF-8"?>
<!-- Generated by org.testng.reporters.JUnitReportReporter -->
<testsuite hostname="DESKTOP-TVTA546" failures="0" tests="3" name="Utils.ExcelDataProvider" time="7.768" errors="0" timestamp="2020-12-02T18:44:02 PST" skipped="0">
  <testcase classname="Utils.ExcelDataProvider" name="test1" time="3.086"/>
  <system-out/>
  <testcase classname="Utils.ExcelDataProvider" name="test1" time="2.335"/>
  <system-out/>
  <testcase classname="Utils.ExcelDataProvider" name="test1" time="2.347"/>
  <system-out/>
</testsuite> <!-- Utils.ExcelDataProvider -->
