<?xml version="1.0" encoding="UTF-8"?>
<!-- Generated by org.testng.reporters.JUnitReportReporter -->
<testsuite hostname="DESKTOP-TVTA546" failures="0" tests="2" name="demo.TestNGIgnoreDemo" time="0.006" errors="0" timestamp="2020-12-05T13:05:58 PST" skipped="1">
  <testcase classname="demo.TestNGIgnoreDemo" name="test2" time="0.006"/>
  <system-out/>
  <testcase classname="demo.TestNGIgnoreDemo" name="test1">
    <skipped/>
  </testcase> <!-- test1 -->
  <system-out/>
</testsuite> <!-- demo.TestNGIgnoreDemo -->
